async function login() {
    const username = document.getElementById('username').value;
    const password = document.getElementById('password').value;

    console.log('Attempting to login with:', username, password);

    if (username && password) {
        try {
            const response = await fetch('http://localhost:3000/login', {
                method: 'POST',
                headers: {
                    'Content-Type': 'application/json',
                },
                body: JSON.stringify({ username, password }),
            });

            const result = await response.json();
            console.log('Login response:', result);

            if (response.ok) {
                document.getElementById('login-page').classList.add('hidden');
                document.getElementById('store-page').classList.remove('hidden');
            } else {
                document.getElementById('login-error').classList.remove('hidden');
                console.error('Login failed:', result.message);
            }
        } catch (error) {
            console.error('Fetch error:', error);
        }
    } else {
        document.getElementById('login-error').classList.remove('hidden');
    }
}

